  Moc'ing cLogFile.h...
  Moc'ing cWinApiStuff.h...
  Moc'ing cPcZeit.h...
  Rcc'ing ..\Common\Resources\Resources.qrc...
  Moc'ing cSendMail.h...
  Moc'ing cNativeEvent.h...
  Moc'ing cPwd.h...
  cPwd.cpp
  moc_cLogFile.cpp
  moc_cNativeEvent.cpp
  moc_cPcZeit.cpp
  moc_cPwd.cpp
  moc_cSendMail.cpp
  moc_cWinApiStuff.cpp
  cLogFile.cpp
  cNativeEvent.cpp
  cSendMail.cpp
  cWinApiStuff.cpp
  main.cpp
  cPcZeit.cpp
  Code wird generiert...
  qrc_Resources.cpp
  PcZeit.vcxproj -> E:\Programme\!Eigene\SpielZeit\Win32\Release\PcZeit.exe
