e:\programme\spielzeit\setuppczeit\debug\vc120.pdb
e:\programme\spielzeit\setuppczeit\debug\qmainpanel.obj
e:\programme\spielzeit\setuppczeit\debug\appwindow.obj
e:\programme\spielzeit\setuppczeit\debug\qwinwidget.obj
e:\programme\spielzeit\setuppczeit\debug\qwinhost.obj
e:\programme\spielzeit\setuppczeit\debug\qmainwindow.obj
e:\programme\spielzeit\setuppczeit\debug\main.obj
e:\programme\spielzeit\setuppczeit\debug\moc_qwinwidget.obj
e:\programme\spielzeit\setuppczeit\debug\moc_qwinhost.obj
e:\programme\spielzeit\setuppczeit\debug\moc_qmainpanel.obj
e:\programme\spielzeit\setuppczeit\debug\moc_cpwd.obj
e:\programme\spielzeit\setuppczeit\debug\cpwd.obj
e:\programme\spielzeit\setuppczeit\debug\qrc_resources.obj
e:\programme\spielzeit\setuppczeit\generatedfiles\qrc_resources.cpp
e:\programme\spielzeit\setuppczeit\generatedfiles\debug\moc_cpwd.cpp
e:\programme\spielzeit\setuppczeit\generatedfiles\debug\moc_qmainpanel.cpp
e:\programme\spielzeit\setuppczeit\generatedfiles\debug\moc_qwinwidget.cpp
e:\programme\spielzeit\setuppczeit\generatedfiles\debug\moc_qwinhost.cpp
e:\programme\spielzeit\win32\debug\setuppczeit.ilk
e:\programme\spielzeit\win32\debug\setuppczeit.exe
e:\programme\spielzeit\win32\debug\setuppczeit.pdb
e:\programme\spielzeit\setuppczeit\debug\setuppczeit.rc
e:\programme\spielzeit\setuppczeit\debug\setuppczeit.tlog\cl.command.1.tlog
e:\programme\spielzeit\setuppczeit\debug\setuppczeit.tlog\cl.read.1.tlog
e:\programme\spielzeit\setuppczeit\debug\setuppczeit.tlog\cl.write.1.tlog
e:\programme\spielzeit\setuppczeit\debug\setuppczeit.tlog\custombuild.command.1.tlog
e:\programme\spielzeit\setuppczeit\debug\setuppczeit.tlog\custombuild.read.1.tlog
e:\programme\spielzeit\setuppczeit\debug\setuppczeit.tlog\custombuild.write.1.tlog
e:\programme\spielzeit\setuppczeit\debug\setuppczeit.tlog\link.command.1.tlog
e:\programme\spielzeit\setuppczeit\debug\setuppczeit.tlog\link.read.1.tlog
e:\programme\spielzeit\setuppczeit\debug\setuppczeit.tlog\link.write.1.tlog
e:\programme\spielzeit\setuppczeit\debug\setuppczeit.tlog\rc.command.1.tlog
e:\programme\spielzeit\setuppczeit\debug\setuppczeit.tlog\rc.read.1.tlog
e:\programme\spielzeit\setuppczeit\debug\setuppczeit.tlog\rc.write.1.tlog
