e:\programme\spielzeit\pczeit\debug\vc120.pdb
e:\programme\spielzeit\pczeit\debug\cpczeit.obj
e:\programme\spielzeit\pczeit\debug\main.obj
e:\programme\spielzeit\pczeit\debug\cwinapistuff.obj
e:\programme\spielzeit\pczeit\debug\csendmail.obj
e:\programme\spielzeit\pczeit\debug\cnativeevent.obj
e:\programme\spielzeit\pczeit\debug\clogfile.obj
e:\programme\spielzeit\pczeit\debug\moc_cwinapistuff.obj
e:\programme\spielzeit\pczeit\debug\moc_csendmail.obj
e:\programme\spielzeit\pczeit\debug\moc_cpwd.obj
e:\programme\spielzeit\pczeit\debug\moc_cpczeit.obj
e:\programme\spielzeit\pczeit\debug\moc_cnativeevent.obj
e:\programme\spielzeit\pczeit\debug\moc_clogfile.obj
e:\programme\spielzeit\pczeit\debug\cpwd.obj
e:\programme\spielzeit\pczeit\debug\qrc_resources.obj
e:\programme\spielzeit\pczeit\generatedfiles\debug\moc_clogfile.cpp
e:\programme\spielzeit\pczeit\generatedfiles\debug\moc_cwinapistuff.cpp
e:\programme\spielzeit\pczeit\generatedfiles\debug\moc_cpczeit.cpp
e:\programme\spielzeit\pczeit\generatedfiles\debug\moc_cnativeevent.cpp
e:\programme\spielzeit\pczeit\generatedfiles\debug\moc_cpwd.cpp
e:\programme\spielzeit\pczeit\generatedfiles\qrc_resources.cpp
e:\programme\spielzeit\pczeit\generatedfiles\debug\moc_csendmail.cpp
e:\programme\spielzeit\win32\debug\pczeit.ilk
e:\programme\spielzeit\win32\debug\pczeit.exe
e:\programme\spielzeit\win32\debug\pczeit.pdb
e:\programme\spielzeit\pczeit\debug\pczeit.res
e:\programme\spielzeit\pczeit\debug\pczeit.tlog\cl.command.1.tlog
e:\programme\spielzeit\pczeit\debug\pczeit.tlog\cl.read.1.tlog
e:\programme\spielzeit\pczeit\debug\pczeit.tlog\cl.write.1.tlog
e:\programme\spielzeit\pczeit\debug\pczeit.tlog\custombuild.command.1.tlog
e:\programme\spielzeit\pczeit\debug\pczeit.tlog\custombuild.read.1.tlog
e:\programme\spielzeit\pczeit\debug\pczeit.tlog\custombuild.write.1.tlog
e:\programme\spielzeit\pczeit\debug\pczeit.tlog\link.command.1.tlog
e:\programme\spielzeit\pczeit\debug\pczeit.tlog\link.read.1.tlog
e:\programme\spielzeit\pczeit\debug\pczeit.tlog\link.write.1.tlog
e:\programme\spielzeit\pczeit\debug\pczeit.tlog\rc.command.1.tlog
e:\programme\spielzeit\pczeit\debug\pczeit.tlog\rc.read.1.tlog
e:\programme\spielzeit\pczeit\debug\pczeit.tlog\rc.write.1.tlog
